<?xml version="1.0" encoding="UTF-8"?>
<!-- Generated by org.testng.reporters.JUnitXMLReporter -->
<testsuite hostname="C02DD3ZUMD6M" ignored="3" name="Surefire test" tests="10" failures="0" timestamp="2021-07-15T18:24:05 IST" time="181.813" errors="0">
  <testcase name="contacts" time="6.094" classname="com.crm.qa.testcases.CogmentoHomePageTest"/>
  <testcase name="nameLabel" time="3.254" classname="com.crm.qa.testcases.CogmentoHomePageTest"/>
  <testcase name="validateCreateNewContact" time="12.262" classname="com.crm.qa.testcases.ContactsPageTest"/>
  <testcase name="validateCreateNewContact" time="6.019" classname="com.crm.qa.testcases.ContactsPageTest"/>
  <testcase name="validateCreateNewContact" time="6.542" classname="com.crm.qa.testcases.ContactsPageTest"/>
  <testcase name="validateCreateNewContact" time="11.146" classname="com.crm.qa.testcases.ContactsPageTest"/>
  <testcase name="homePageTitleTest" time="0.006" classname="com.crm.qa.testcases.HomePageTest"/>
  <testcase name="crmLogoImageTest" time="1.301" classname="com.crm.qa.testcases.HomePageTest"/>
  <testcase name="homeTest" time="4.318" classname="com.crm.qa.testcases.HomePageTest"/>
  <testcase name="loginTest" time="2.546" classname="com.crm.qa.testcases.LoginPageTest"/>
  <testcase name="selectContactText" time="0.0" classname="com.crm.qa.testcases.ContactsPageTest">
    <ignored/>
  </testcase> <!-- selectContactText -->
  <testcase name="selectMultipleContacts" time="0.0" classname="com.crm.qa.testcases.ContactsPageTest">
    <ignored/>
  </testcase> <!-- selectMultipleContacts -->
  <testcase name="contactsLabelText" time="0.0" classname="com.crm.qa.testcases.ContactsPageTest">
    <ignored/>
  </testcase> <!-- contactsLabelText -->
</testsuite> <!-- Surefire test -->
