<?xml version="1.0" encoding="UTF-8"?>
<!-- Generated by org.testng.reporters.JUnitXMLReporter -->
<testsuite ignored="0" hostname="C02DD3ZUMD6M" failures="0" tests="3" name="Default test" time="24.528" errors="0" timestamp="2021-07-15T13:24:25 IST">
  <testcase classname="com.crm.qa.testcases.HomePageTest" name="homePageTitleTest" time="1.292"/>
  <testcase classname="com.crm.qa.testcases.HomePageTest" name="crmLogoImageTest" time="1.411"/>
  <testcase classname="com.crm.qa.testcases.HomePageTest" name="homeTest" time="2.258"/>
</testsuite> <!-- Default test -->
