<?xml version="1.0" encoding="UTF-8"?>
<testsuite xmlns:xsi="http://www.w3.org/2001/XMLSchema-instance" xsi:noNamespaceSchemaLocation="https://maven.apache.org/surefire/maven-surefire-plugin/xsd/surefire-test-report.xsd" name="TestSuite" time="182.049" tests="10" errors="0" skipped="0" failures="0">
  <properties>
[...]
</properties>
  <testcase name="contacts" classname="com.crm.qa.testcases.CogmentoHomePageTest" time="6.094"/>
  <testcase name="nameLabel" classname="com.crm.qa.testcases.CogmentoHomePageTest" time="3.255"/>
  <testcase name="validateCreateNewContact" classname="com.crm.qa.testcases.ContactsPageTest" time="12.263"/>
  <testcase name="validateCreateNewContact" classname="com.crm.qa.testcases.ContactsPageTest" time="6.018"/>
  <testcase name="validateCreateNewContact" classname="com.crm.qa.testcases.ContactsPageTest" time="6.542"/>
  <testcase name="validateCreateNewContact" classname="com.crm.qa.testcases.ContactsPageTest" time="11.147"/>
  <testcase name="homePageTitleTest" classname="com.crm.qa.testcases.HomePageTest" time="0.005"/>
  <testcase name="crmLogoImageTest" classname="com.crm.qa.testcases.HomePageTest" time="1.301"/>
  <testcase name="homeTest" classname="com.crm.qa.testcases.HomePageTest" time="4.318"/>
  <testcase name="loginTest" classname="com.crm.qa.testcases.LoginPageTest" time="2.546"/>
</testsuite>