<?xml version="1.0" encoding="UTF-8"?>
<testng-results skipped="0" failed="0" ignored="3" total="13" passed="10">
  <reporter-output>
  </reporter-output>
  <suite name="Surefire suite" duration-ms="181813" started-at="2021-07-15T18:21:03 IST" finished-at="2021-07-15T18:24:05 IST">
    <groups>
    </groups>
    <test name="Surefire test" duration-ms="181813" started-at="2021-07-15T18:21:03 IST" finished-at="2021-07-15T18:24:05 IST">
      <class name="com.crm.qa.testcases.HomePageTest">
        <test-method status="PASS" signature="setUp()[pri:0, instance:com.crm.qa.testcases.HomePageTest@73846619]" name="setUp" is-config="true" duration-ms="7794" started-at="2021-07-15T18:23:26 IST" finished-at="2021-07-15T18:23:34 IST">
          <reporter-output>
          </reporter-output>
        </test-method> <!-- setUp -->
        <test-method status="PASS" signature="homePageTitleTest()[pri:1, instance:com.crm.qa.testcases.HomePageTest@73846619]" name="homePageTitleTest" duration-ms="6" started-at="2021-07-15T18:23:34 IST" finished-at="2021-07-15T18:23:34 IST">
          <reporter-output>
          </reporter-output>
        </test-method> <!-- homePageTitleTest -->
        <test-method status="PASS" signature="tearDown()[pri:0, instance:com.crm.qa.testcases.HomePageTest@73846619]" name="tearDown" is-config="true" duration-ms="102" started-at="2021-07-15T18:23:34 IST" finished-at="2021-07-15T18:23:34 IST">
          <reporter-output>
          </reporter-output>
        </test-method> <!-- tearDown -->
        <test-method status="PASS" signature="setUp()[pri:0, instance:com.crm.qa.testcases.HomePageTest@73846619]" name="setUp" is-config="true" duration-ms="5584" started-at="2021-07-15T18:23:34 IST" finished-at="2021-07-15T18:23:40 IST">
          <reporter-output>
          </reporter-output>
        </test-method> <!-- setUp -->
        <test-method status="PASS" signature="crmLogoImageTest()[pri:2, instance:com.crm.qa.testcases.HomePageTest@73846619]" name="crmLogoImageTest" duration-ms="1301" started-at="2021-07-15T18:23:40 IST" finished-at="2021-07-15T18:23:41 IST">
          <reporter-output>
          </reporter-output>
        </test-method> <!-- crmLogoImageTest -->
        <test-method status="PASS" signature="tearDown()[pri:0, instance:com.crm.qa.testcases.HomePageTest@73846619]" name="tearDown" is-config="true" duration-ms="97" started-at="2021-07-15T18:23:41 IST" finished-at="2021-07-15T18:23:41 IST">
          <reporter-output>
          </reporter-output>
        </test-method> <!-- tearDown -->
        <test-method status="PASS" signature="setUp()[pri:0, instance:com.crm.qa.testcases.HomePageTest@73846619]" name="setUp" is-config="true" duration-ms="5569" started-at="2021-07-15T18:23:41 IST" finished-at="2021-07-15T18:23:47 IST">
          <reporter-output>
          </reporter-output>
        </test-method> <!-- setUp -->
        <test-method status="PASS" signature="homeTest()[pri:3, instance:com.crm.qa.testcases.HomePageTest@73846619]" name="homeTest" duration-ms="4318" started-at="2021-07-15T18:23:47 IST" finished-at="2021-07-15T18:23:51 IST">
          <reporter-output>
          </reporter-output>
        </test-method> <!-- homeTest -->
        <test-method status="PASS" signature="tearDown()[pri:0, instance:com.crm.qa.testcases.HomePageTest@73846619]" name="tearDown" is-config="true" duration-ms="94" started-at="2021-07-15T18:23:51 IST" finished-at="2021-07-15T18:23:51 IST">
          <reporter-output>
          </reporter-output>
        </test-method> <!-- tearDown -->
      </class> <!-- com.crm.qa.testcases.HomePageTest -->
      <class name="com.crm.qa.testcases.ContactsPageTest">
        <test-method status="PASS" signature="setUp()[pri:0, instance:com.crm.qa.testcases.ContactsPageTest@4b952a2d]" name="setUp" is-config="true" duration-ms="17744" started-at="2021-07-15T18:21:41 IST" finished-at="2021-07-15T18:21:59 IST">
          <reporter-output>
          </reporter-output>
        </test-method> <!-- setUp -->
        <test-method status="PASS" signature="validateCreateNewContact(java.lang.String,java.lang.String)[pri:0, instance:com.crm.qa.testcases.ContactsPageTest@4b952a2d]" name="validateCreateNewContact" duration-ms="12262" started-at="2021-07-15T18:21:59 IST" data-provider="getCRMTestData" finished-at="2021-07-15T18:22:11 IST">
          <params>
            <param index="0">
              <value>
                <![CDATA[Ben]]>
              </value>
            </param>
            <param index="1">
              <value>
                <![CDATA[Afflek]]>
              </value>
            </param>
          </params>
          <reporter-output>
          </reporter-output>
        </test-method> <!-- validateCreateNewContact -->
        <test-method status="PASS" signature="tearDown()[pri:0, instance:com.crm.qa.testcases.ContactsPageTest@4b952a2d]" name="tearDown" is-config="true" duration-ms="106" started-at="2021-07-15T18:22:11 IST" finished-at="2021-07-15T18:22:11 IST">
          <reporter-output>
          </reporter-output>
        </test-method> <!-- tearDown -->
        <test-method status="PASS" signature="setUp()[pri:0, instance:com.crm.qa.testcases.ContactsPageTest@4b952a2d]" name="setUp" is-config="true" duration-ms="18354" started-at="2021-07-15T18:22:11 IST" finished-at="2021-07-15T18:22:29 IST">
          <reporter-output>
          </reporter-output>
        </test-method> <!-- setUp -->
        <test-method status="PASS" signature="validateCreateNewContact(java.lang.String,java.lang.String)[pri:0, instance:com.crm.qa.testcases.ContactsPageTest@4b952a2d]" name="validateCreateNewContact" duration-ms="6019" started-at="2021-07-15T18:22:29 IST" data-provider="getCRMTestData" finished-at="2021-07-15T18:22:35 IST">
          <params>
            <param index="0">
              <value>
                <![CDATA[Carl]]>
              </value>
            </param>
            <param index="1">
              <value>
                <![CDATA[Jung]]>
              </value>
            </param>
          </params>
          <reporter-output>
          </reporter-output>
        </test-method> <!-- validateCreateNewContact -->
        <test-method status="PASS" signature="tearDown()[pri:0, instance:com.crm.qa.testcases.ContactsPageTest@4b952a2d]" name="tearDown" is-config="true" duration-ms="104" started-at="2021-07-15T18:22:35 IST" finished-at="2021-07-15T18:22:35 IST">
          <reporter-output>
          </reporter-output>
        </test-method> <!-- tearDown -->
        <test-method status="PASS" signature="setUp()[pri:0, instance:com.crm.qa.testcases.ContactsPageTest@4b952a2d]" name="setUp" is-config="true" duration-ms="17383" started-at="2021-07-15T18:22:35 IST" finished-at="2021-07-15T18:22:53 IST">
          <reporter-output>
          </reporter-output>
        </test-method> <!-- setUp -->
        <test-method status="PASS" signature="validateCreateNewContact(java.lang.String,java.lang.String)[pri:0, instance:com.crm.qa.testcases.ContactsPageTest@4b952a2d]" name="validateCreateNewContact" duration-ms="6542" started-at="2021-07-15T18:22:53 IST" data-provider="getCRMTestData" finished-at="2021-07-15T18:22:59 IST">
          <params>
            <param index="0">
              <value>
                <![CDATA[Scarlet]]>
              </value>
            </param>
            <param index="1">
              <value>
                <![CDATA[Johansson]]>
              </value>
            </param>
          </params>
          <reporter-output>
          </reporter-output>
        </test-method> <!-- validateCreateNewContact -->
        <test-method status="PASS" signature="tearDown()[pri:0, instance:com.crm.qa.testcases.ContactsPageTest@4b952a2d]" name="tearDown" is-config="true" duration-ms="102" started-at="2021-07-15T18:22:59 IST" finished-at="2021-07-15T18:22:59 IST">
          <reporter-output>
          </reporter-output>
        </test-method> <!-- tearDown -->
        <test-method status="PASS" signature="setUp()[pri:0, instance:com.crm.qa.testcases.ContactsPageTest@4b952a2d]" name="setUp" is-config="true" duration-ms="15317" started-at="2021-07-15T18:22:59 IST" finished-at="2021-07-15T18:23:15 IST">
          <reporter-output>
          </reporter-output>
        </test-method> <!-- setUp -->
        <test-method status="PASS" signature="validateCreateNewContact(java.lang.String,java.lang.String)[pri:0, instance:com.crm.qa.testcases.ContactsPageTest@4b952a2d]" name="validateCreateNewContact" duration-ms="11146" started-at="2021-07-15T18:23:15 IST" data-provider="getCRMTestData" finished-at="2021-07-15T18:23:26 IST">
          <params>
            <param index="0">
              <value>
                <![CDATA[Brie]]>
              </value>
            </param>
            <param index="1">
              <value>
                <![CDATA[Larsson]]>
              </value>
            </param>
          </params>
          <reporter-output>
          </reporter-output>
        </test-method> <!-- validateCreateNewContact -->
        <test-method status="PASS" signature="tearDown()[pri:0, instance:com.crm.qa.testcases.ContactsPageTest@4b952a2d]" name="tearDown" is-config="true" duration-ms="109" started-at="2021-07-15T18:23:26 IST" finished-at="2021-07-15T18:23:26 IST">
          <reporter-output>
          </reporter-output>
        </test-method> <!-- tearDown -->
      </class> <!-- com.crm.qa.testcases.ContactsPageTest -->
      <class name="com.crm.qa.testcases.LoginPageTest">
        <test-method status="PASS" signature="setUp()[pri:0, instance:com.crm.qa.testcases.LoginPageTest@4bec1f0c]" name="setUp" is-config="true" duration-ms="11093" started-at="2021-07-15T18:23:51 IST" finished-at="2021-07-15T18:24:02 IST">
          <reporter-output>
          </reporter-output>
        </test-method> <!-- setUp -->
        <test-method status="PASS" signature="loginTest()[pri:0, instance:com.crm.qa.testcases.LoginPageTest@4bec1f0c]" name="loginTest" duration-ms="2546" started-at="2021-07-15T18:24:02 IST" finished-at="2021-07-15T18:24:05 IST">
          <reporter-output>
          </reporter-output>
        </test-method> <!-- loginTest -->
        <test-method status="PASS" signature="tearDown()[pri:0, instance:com.crm.qa.testcases.LoginPageTest@4bec1f0c]" name="tearDown" is-config="true" duration-ms="96" started-at="2021-07-15T18:24:05 IST" finished-at="2021-07-15T18:24:05 IST">
          <reporter-output>
          </reporter-output>
        </test-method> <!-- tearDown -->
      </class> <!-- com.crm.qa.testcases.LoginPageTest -->
      <class name="com.crm.qa.testcases.CogmentoHomePageTest">
        <test-method status="PASS" signature="setUp()[pri:0, instance:com.crm.qa.testcases.CogmentoHomePageTest@464bee09]" name="setUp" is-config="true" duration-ms="14364" started-at="2021-07-15T18:21:03 IST" finished-at="2021-07-15T18:21:17 IST">
          <reporter-output>
          </reporter-output>
        </test-method> <!-- setUp -->
        <test-method status="PASS" signature="contacts()[pri:0, instance:com.crm.qa.testcases.CogmentoHomePageTest@464bee09]" name="contacts" duration-ms="6094" started-at="2021-07-15T18:21:17 IST" finished-at="2021-07-15T18:21:23 IST">
          <reporter-output>
          </reporter-output>
        </test-method> <!-- contacts -->
        <test-method status="PASS" signature="tearDown()[pri:0, instance:com.crm.qa.testcases.CogmentoHomePageTest@464bee09]" name="tearDown" is-config="true" duration-ms="112" started-at="2021-07-15T18:21:23 IST" finished-at="2021-07-15T18:21:23 IST">
          <reporter-output>
          </reporter-output>
        </test-method> <!-- tearDown -->
        <test-method status="PASS" signature="setUp()[pri:0, instance:com.crm.qa.testcases.CogmentoHomePageTest@464bee09]" name="setUp" is-config="true" duration-ms="13673" started-at="2021-07-15T18:21:23 IST" finished-at="2021-07-15T18:21:37 IST">
          <reporter-output>
          </reporter-output>
        </test-method> <!-- setUp -->
        <test-method status="PASS" signature="nameLabel()[pri:0, instance:com.crm.qa.testcases.CogmentoHomePageTest@464bee09]" name="nameLabel" duration-ms="3254" started-at="2021-07-15T18:21:37 IST" finished-at="2021-07-15T18:21:40 IST">
          <reporter-output>
          </reporter-output>
        </test-method> <!-- nameLabel -->
        <test-method status="PASS" signature="tearDown()[pri:0, instance:com.crm.qa.testcases.CogmentoHomePageTest@464bee09]" name="tearDown" is-config="true" duration-ms="101" started-at="2021-07-15T18:21:40 IST" finished-at="2021-07-15T18:21:40 IST">
          <reporter-output>
          </reporter-output>
        </test-method> <!-- tearDown -->
      </class> <!-- com.crm.qa.testcases.CogmentoHomePageTest -->
    </test> <!-- Surefire test -->
  </suite> <!-- Surefire suite -->
</testng-results>
