<?xml version="1.0" encoding="UTF-8"?>
<testsuite xmlns:xsi="http://www.w3.org/2001/XMLSchema-instance" xsi:noNamespaceSchemaLocation="https://maven.apache.org/surefire/maven-surefire-plugin/xsd/surefire-test-report.xsd" name="TestSuite" time="174.464" tests="10" errors="0" skipped="0" failures="2">
  <properties>
[...]
</properties>
  <testcase name="homePageTitleTest" classname="com.crm.qa.testcases.HomePageTest" time="1.854"/>
  <testcase name="crmLogoImageTest" classname="com.crm.qa.testcases.HomePageTest" time="1.202"/>
  <testcase name="homeTest" classname="com.crm.qa.testcases.HomePageTest" time="3.086"/>
  <testcase name="loginTest" classname="com.crm.qa.testcases.LoginPageTest" time="3.037"/>
  <testcase name="contacts" classname="com.crm.qa.testcases.CogmentoHomePageTest" time="2.842"/>
  <testcase name="nameLabel" classname="com.crm.qa.testcases.CogmentoHomePageTest" time="2.616"/>
  <testcase name="validateCreateNewContact" classname="com.crm.qa.testcases.ContactsPageTest" time="12.263">
    <failure message="no such element: Unable to locate element: {&quot;method&quot;:&quot;xpath&quot;,&quot;selector&quot;:&quot;//input[@name = &apos;first_name&apos;]&quot;}&#10;  (Session info: chrome=91.0.4472.114)&#10;For documentation on this error, please visit: https://www.seleniumhq.org/exceptions/no_such_element.html&#10;Build info: version: &apos;3.141.59&apos;, revision: &apos;e82be7d358&apos;, time: &apos;2018-11-14T08:17:03&apos;&#10;System info: host: &apos;C02DD3ZUMD6M&apos;, ip: &apos;fe80:0:0:0:1c3a:5cfe:7ae4:1677%en0&apos;, os.name: &apos;Mac OS X&apos;, os.arch: &apos;x86_64&apos;, os.version: &apos;10.15.7&apos;, java.version: &apos;1.8.0_271&apos;&#10;Driver info: org.openqa.selenium.chrome.ChromeDriver&#10;Capabilities {acceptInsecureCerts: false, browserName: chrome, browserVersion: 91.0.4472.114, chrome: {chromedriverVersion: 91.0.4472.101 (af52a90bf870..., userDataDir: /var/folders/3k/k0dqsdvs737...}, goog:chromeOptions: {debuggerAddress: localhost:51940}, javascriptEnabled: true, networkConnectionEnabled: false, pageLoadStrategy: normal, platform: MAC, platformName: MAC, proxy: Proxy(), setWindowRect: true, strictFileInteractability: false, timeouts: {implicit: 0, pageLoad: 300000, script: 30000}, unhandledPromptBehavior: dismiss and notify, webauthn:extension:largeBlob: true, webauthn:virtualAuthenticators: true}&#10;Session ID: 190ce8d547af645dcc3c7cdd78b3a72a&#10;*** Element info: {Using=xpath, value=//input[@name = &apos;first_name&apos;]}" type="org.openqa.selenium.NoSuchElementException">org.openqa.selenium.NoSuchElementException: 
no such element: Unable to locate element: {"method":"xpath","selector":"//input[@name = 'first_name']"}
  (Session info: chrome=91.0.4472.114)
For documentation on this error, please visit: https://www.seleniumhq.org/exceptions/no_such_element.html
Build info: version: '3.141.59', revision: 'e82be7d358', time: '2018-11-14T08:17:03'
System info: host: 'C02DD3ZUMD6M', ip: 'fe80:0:0:0:1c3a:5cfe:7ae4:1677%en0', os.name: 'Mac OS X', os.arch: 'x86_64', os.version: '10.15.7', java.version: '1.8.0_271'
Driver info: org.openqa.selenium.chrome.ChromeDriver
Capabilities {acceptInsecureCerts: false, browserName: chrome, browserVersion: 91.0.4472.114, chrome: {chromedriverVersion: 91.0.4472.101 (af52a90bf870..., userDataDir: /var/folders/3k/k0dqsdvs737...}, goog:chromeOptions: {debuggerAddress: localhost:51940}, javascriptEnabled: true, networkConnectionEnabled: false, pageLoadStrategy: normal, platform: MAC, platformName: MAC, proxy: Proxy(), setWindowRect: true, strictFileInteractability: false, timeouts: {implicit: 0, pageLoad: 300000, script: 30000}, unhandledPromptBehavior: dismiss and notify, webauthn:extension:largeBlob: true, webauthn:virtualAuthenticators: true}
Session ID: 190ce8d547af645dcc3c7cdd78b3a72a
*** Element info: {Using=xpath, value=//input[@name = 'first_name']}
	at com.crm.qa.testcases.ContactsPageTest.validateCreateNewContact(ContactsPageTest.java:77)
</failure>
    <system-out><![CDATA[2021-07-16 22:49:52 INFO  TestBase:65 - Launching the browser
  2021-07-16 22:49:53 INFO  TestBase:75 - Entering the application URL
  2021-07-16 22:49:53 DEBUG TestBase:76 - This is just a debug message
  2021-07-16 22:49:53 WARN  TestBase:77 - This is just a warning
  2021-07-16 22:49:53 FATAL TestBase:78 - This is a fatal message
  Before navigating to: 'https://freecrm.com/'
Navigated to:'https://freecrm.com/'
Trying to find Element By : By.xpath: //*[text() = 'Log In']
Found Element By : By.xpath: //*[text() = 'Log In']
Trying to click on: [[ChromeDriver: chrome on MAC (190ce8d547af645dcc3c7cdd78b3a72a)] -> xpath: //*[text() = 'Log In']]
Clicked on: [[ChromeDriver: chrome on MAC (190ce8d547af645dcc3c7cdd78b3a72a)] -> xpath: //*[text() = 'Log In']]
Trying to find Element By : By.xpath: //input[@name = 'email']
Found Element By : By.xpath: //input[@name = 'email']
Trying to find Element By : By.xpath: //input[@name = 'password']
Found Element By : By.xpath: //input[@name = 'password']
Trying to find Element By : By.xpath: //div[text() = 'Login']
Found Element By : By.xpath: //div[text() = 'Login']
Trying to click on: [[ChromeDriver: chrome on MAC (190ce8d547af645dcc3c7cdd78b3a72a)] -> xpath: //div[text() = 'Login']]
Clicked on: [[ChromeDriver: chrome on MAC (190ce8d547af645dcc3c7cdd78b3a72a)] -> xpath: //div[text() = 'Login']]
Trying to find Element By : By.xpath: //div[@id = 'main-nav']
Found Element By : By.xpath: //div[@id = 'main-nav']
Trying to find Element By : By.xpath: //span[contains(text(), 'Contacts')]
Found Element By : By.xpath: //span[contains(text(), 'Contacts')]
I am in onTestStart method validateCreateNewContact start
Trying to find Element By : By.xpath: //*[contains(text(), 'Create')]
Found Element By : By.xpath: //*[contains(text(), 'Create')]
Trying to click on: [[ChromeDriver: chrome on MAC (190ce8d547af645dcc3c7cdd78b3a72a)] -> xpath: //*[contains(text(), 'Create')]]
Clicked on: [[ChromeDriver: chrome on MAC (190ce8d547af645dcc3c7cdd78b3a72a)] -> xpath: //*[contains(text(), 'Create')]]
Trying to find Element By : By.xpath: //input[@name = 'first_name']
Exception occured: org.openqa.selenium.NoSuchElementException: no such element: Unable to locate element: {"method":"xpath","selector":"//input[@name = 'first_name']"}
  (Session info: chrome=91.0.4472.114)
For documentation on this error, please visit: https://www.seleniumhq.org/exceptions/no_such_element.html
Build info: version: '3.141.59', revision: 'e82be7d358', time: '2018-11-14T08:17:03'
System info: host: 'C02DD3ZUMD6M', ip: 'fe80:0:0:0:1c3a:5cfe:7ae4:1677%en0', os.name: 'Mac OS X', os.arch: 'x86_64', os.version: '10.15.7', java.version: '1.8.0_271'
Driver info: org.openqa.selenium.chrome.ChromeDriver
Capabilities {acceptInsecureCerts: false, browserName: chrome, browserVersion: 91.0.4472.114, chrome: {chromedriverVersion: 91.0.4472.101 (af52a90bf870..., userDataDir: /var/folders/3k/k0dqsdvs737...}, goog:chromeOptions: {debuggerAddress: localhost:51940}, javascriptEnabled: true, networkConnectionEnabled: false, pageLoadStrategy: normal, platform: MAC, platformName: MAC, proxy: Proxy(), setWindowRect: true, strictFileInteractability: false, timeouts: {implicit: 0, pageLoad: 300000, script: 30000}, unhandledPromptBehavior: dismiss and notify, webauthn:extension:largeBlob: true, webauthn:virtualAuthenticators: true}
Session ID: 190ce8d547af645dcc3c7cdd78b3a72a
*** Element info: {Using=xpath, value=//input[@name = 'first_name']}
I am in onTestFailure method validateCreateNewContact failed
Screenshot captured for test case:validateCreateNewContact
]]></system-out>
    <system-err><![CDATA[Starting ChromeDriver 91.0.4472.101 (af52a90bf87030dd1523486a1cd3ae25c5d76c9b-refs/branch-heads/4472@{#1462}) on port 43602
Only local connections are allowed.
Please see https://chromedriver.chromium.org/security-considerations for suggestions on keeping ChromeDriver safe.
ChromeDriver was started successfully.
Jul 16, 2021 10:49:52 PM org.openqa.selenium.remote.ProtocolHandshake createSession
INFO: Detected dialect: W3C
java.io.FileNotFoundException: /Users/gourisoneja/eclipse-workspace/FreeCRMTest/screenshots/1626456022986.png (No such file or directory)
	at java.io.FileOutputStream.open0(Native Method)
	at java.io.FileOutputStream.open(FileOutputStream.java:270)
	at java.io.FileOutputStream.<init>(FileOutputStream.java:213)
	at java.io.FileOutputStream.<init>(FileOutputStream.java:162)
	at org.openqa.selenium.io.FileHandler.copyFile(FileHandler.java:138)
	at org.openqa.selenium.io.FileHandler.copy(FileHandler.java:117)
	at com.crm.qa.util.TestUtil.takeScreenshotAtEndOfTest(TestUtil.java:67)
	at com.crm.qa.util.WebEventListener.onException(WebEventListener.java:61)
	at sun.reflect.NativeMethodAccessorImpl.invoke0(Native Method)
	at sun.reflect.NativeMethodAccessorImpl.invoke(NativeMethodAccessorImpl.java:62)
	at sun.reflect.DelegatingMethodAccessorImpl.invoke(DelegatingMethodAccessorImpl.java:43)
	at java.lang.reflect.Method.invoke(Method.java:498)
	at org.openqa.selenium.support.events.EventFiringWebDriver.lambda$new$0(EventFiringWebDriver.java:84)
	at com.sun.proxy.$Proxy19.onException(Unknown Source)
	at org.openqa.selenium.support.events.EventFiringWebDriver.lambda$new$1(EventFiringWebDriver.java:107)
	at com.sun.proxy.$Proxy20.findElement(Unknown Source)
	at org.openqa.selenium.support.events.EventFiringWebDriver.findElement(EventFiringWebDriver.java:194)
	at org.openqa.selenium.support.pagefactory.DefaultElementLocator.findElement(DefaultElementLocator.java:69)
	at org.openqa.selenium.support.pagefactory.internal.LocatingElementHandler.invoke(LocatingElementHandler.java:38)
	at com.sun.proxy.$Proxy24.sendKeys(Unknown Source)
	at com.crm.qa.pages.ContactsPage.createContact(ContactsPage.java:54)
	at com.crm.qa.testcases.ContactsPageTest.validateCreateNewContact(ContactsPageTest.java:77)
	at sun.reflect.NativeMethodAccessorImpl.invoke0(Native Method)
	at sun.reflect.NativeMethodAccessorImpl.invoke(NativeMethodAccessorImpl.java:62)
	at sun.reflect.DelegatingMethodAccessorImpl.invoke(DelegatingMethodAccessorImpl.java:43)
	at java.lang.reflect.Method.invoke(Method.java:498)
	at org.testng.internal.MethodInvocationHelper.invokeMethod(MethodInvocationHelper.java:133)
	at org.testng.internal.TestInvoker.invokeMethod(TestInvoker.java:598)
	at org.testng.internal.TestInvoker.invokeTestMethod(TestInvoker.java:173)
	at org.testng.internal.MethodRunner.runInSequence(MethodRunner.java:46)
	at org.testng.internal.TestInvoker$MethodInvocationAgent.invoke(TestInvoker.java:824)
	at org.testng.internal.TestInvoker.invokeTestMethods(TestInvoker.java:146)
	at org.testng.internal.TestMethodWorker.invokeTestMethods(TestMethodWorker.java:146)
	at org.testng.internal.TestMethodWorker.run(TestMethodWorker.java:128)
	at java.util.ArrayList.forEach(ArrayList.java:1259)
	at org.testng.TestRunner.privateRun(TestRunner.java:794)
	at org.testng.TestRunner.run(TestRunner.java:596)
	at org.testng.SuiteRunner.runTest(SuiteRunner.java:377)
	at org.testng.SuiteRunner.runSequentially(SuiteRunner.java:371)
	at org.testng.SuiteRunner.privateRun(SuiteRunner.java:332)
	at org.testng.SuiteRunner.run(SuiteRunner.java:276)
	at org.testng.SuiteRunnerWorker.runSuite(SuiteRunnerWorker.java:53)
	at org.testng.SuiteRunnerWorker.run(SuiteRunnerWorker.java:96)
	at org.testng.TestNG.runSuitesSequentially(TestNG.java:1212)
	at org.testng.TestNG.runSuitesLocally(TestNG.java:1134)
	at org.testng.TestNG.runSuites(TestNG.java:1063)
	at org.testng.TestNG.run(TestNG.java:1031)
	at org.apache.maven.surefire.testng.TestNGExecutor.run(TestNGExecutor.java:283)
	at org.apache.maven.surefire.testng.TestNGXmlTestSuite.execute(TestNGXmlTestSuite.java:75)
	at org.apache.maven.surefire.testng.TestNGProvider.invoke(TestNGProvider.java:120)
	at org.apache.maven.surefire.booter.ForkedBooter.invokeProviderInSameClassLoader(ForkedBooter.java:384)
	at org.apache.maven.surefire.booter.ForkedBooter.runSuitesInProcess(ForkedBooter.java:345)
	at org.apache.maven.surefire.booter.ForkedBooter.execute(ForkedBooter.java:126)
	at org.apache.maven.surefire.booter.ForkedBooter.main(ForkedBooter.java:418)
]]></system-err>
  </testcase>
  <testcase name="validateCreateNewContact" classname="com.crm.qa.testcases.ContactsPageTest" time="6.716"/>
  <testcase name="validateCreateNewContact" classname="com.crm.qa.testcases.ContactsPageTest" time="13.107">
    <failure message="no such element: Unable to locate element: {&quot;method&quot;:&quot;xpath&quot;,&quot;selector&quot;:&quot;//input[@name = &apos;first_name&apos;]&quot;}&#10;  (Session info: chrome=91.0.4472.114)&#10;For documentation on this error, please visit: https://www.seleniumhq.org/exceptions/no_such_element.html&#10;Build info: version: &apos;3.141.59&apos;, revision: &apos;e82be7d358&apos;, time: &apos;2018-11-14T08:17:03&apos;&#10;System info: host: &apos;C02DD3ZUMD6M&apos;, ip: &apos;fe80:0:0:0:1c3a:5cfe:7ae4:1677%en0&apos;, os.name: &apos;Mac OS X&apos;, os.arch: &apos;x86_64&apos;, os.version: &apos;10.15.7&apos;, java.version: &apos;1.8.0_271&apos;&#10;Driver info: org.openqa.selenium.chrome.ChromeDriver&#10;Capabilities {acceptInsecureCerts: false, browserName: chrome, browserVersion: 91.0.4472.114, chrome: {chromedriverVersion: 91.0.4472.101 (af52a90bf870..., userDataDir: /var/folders/3k/k0dqsdvs737...}, goog:chromeOptions: {debuggerAddress: localhost:52037}, javascriptEnabled: true, networkConnectionEnabled: false, pageLoadStrategy: normal, platform: MAC, platformName: MAC, proxy: Proxy(), setWindowRect: true, strictFileInteractability: false, timeouts: {implicit: 0, pageLoad: 300000, script: 30000}, unhandledPromptBehavior: dismiss and notify, webauthn:extension:largeBlob: true, webauthn:virtualAuthenticators: true}&#10;Session ID: 08e20d5d5e453185f7f024ac20fc4e18&#10;*** Element info: {Using=xpath, value=//input[@name = &apos;first_name&apos;]}" type="org.openqa.selenium.NoSuchElementException">org.openqa.selenium.NoSuchElementException: 
no such element: Unable to locate element: {"method":"xpath","selector":"//input[@name = 'first_name']"}
  (Session info: chrome=91.0.4472.114)
For documentation on this error, please visit: https://www.seleniumhq.org/exceptions/no_such_element.html
Build info: version: '3.141.59', revision: 'e82be7d358', time: '2018-11-14T08:17:03'
System info: host: 'C02DD3ZUMD6M', ip: 'fe80:0:0:0:1c3a:5cfe:7ae4:1677%en0', os.name: 'Mac OS X', os.arch: 'x86_64', os.version: '10.15.7', java.version: '1.8.0_271'
Driver info: org.openqa.selenium.chrome.ChromeDriver
Capabilities {acceptInsecureCerts: false, browserName: chrome, browserVersion: 91.0.4472.114, chrome: {chromedriverVersion: 91.0.4472.101 (af52a90bf870..., userDataDir: /var/folders/3k/k0dqsdvs737...}, goog:chromeOptions: {debuggerAddress: localhost:52037}, javascriptEnabled: true, networkConnectionEnabled: false, pageLoadStrategy: normal, platform: MAC, platformName: MAC, proxy: Proxy(), setWindowRect: true, strictFileInteractability: false, timeouts: {implicit: 0, pageLoad: 300000, script: 30000}, unhandledPromptBehavior: dismiss and notify, webauthn:extension:largeBlob: true, webauthn:virtualAuthenticators: true}
Session ID: 08e20d5d5e453185f7f024ac20fc4e18
*** Element info: {Using=xpath, value=//input[@name = 'first_name']}
	at com.crm.qa.testcases.ContactsPageTest.validateCreateNewContact(ContactsPageTest.java:77)
</failure>
    <system-out><![CDATA[2021-07-16 22:50:45 INFO  TestBase:65 - Launching the browser
  2021-07-16 22:50:45 INFO  TestBase:75 - Entering the application URL
  2021-07-16 22:50:45 DEBUG TestBase:76 - This is just a debug message
  2021-07-16 22:50:45 WARN  TestBase:77 - This is just a warning
  2021-07-16 22:50:45 FATAL TestBase:78 - This is a fatal message
  Before navigating to: 'https://freecrm.com/'
Navigated to:'https://freecrm.com/'
Trying to find Element By : By.xpath: //*[text() = 'Log In']
Found Element By : By.xpath: //*[text() = 'Log In']
Trying to click on: [[ChromeDriver: chrome on MAC (08e20d5d5e453185f7f024ac20fc4e18)] -> xpath: //*[text() = 'Log In']]
Clicked on: [[ChromeDriver: chrome on MAC (08e20d5d5e453185f7f024ac20fc4e18)] -> xpath: //*[text() = 'Log In']]
Trying to find Element By : By.xpath: //input[@name = 'email']
Found Element By : By.xpath: //input[@name = 'email']
Trying to find Element By : By.xpath: //input[@name = 'password']
Found Element By : By.xpath: //input[@name = 'password']
Trying to find Element By : By.xpath: //div[text() = 'Login']
Found Element By : By.xpath: //div[text() = 'Login']
Trying to click on: [[ChromeDriver: chrome on MAC (08e20d5d5e453185f7f024ac20fc4e18)] -> xpath: //div[text() = 'Login']]
Clicked on: [[ChromeDriver: chrome on MAC (08e20d5d5e453185f7f024ac20fc4e18)] -> xpath: //div[text() = 'Login']]
Trying to find Element By : By.xpath: //div[@id = 'main-nav']
Found Element By : By.xpath: //div[@id = 'main-nav']
Trying to find Element By : By.xpath: //span[contains(text(), 'Contacts')]
Found Element By : By.xpath: //span[contains(text(), 'Contacts')]
I am in onTestStart method validateCreateNewContact start
Trying to find Element By : By.xpath: //*[contains(text(), 'Create')]
Found Element By : By.xpath: //*[contains(text(), 'Create')]
Trying to click on: [[ChromeDriver: chrome on MAC (08e20d5d5e453185f7f024ac20fc4e18)] -> xpath: //*[contains(text(), 'Create')]]
Clicked on: [[ChromeDriver: chrome on MAC (08e20d5d5e453185f7f024ac20fc4e18)] -> xpath: //*[contains(text(), 'Create')]]
Trying to find Element By : By.xpath: //input[@name = 'first_name']
Exception occured: org.openqa.selenium.NoSuchElementException: no such element: Unable to locate element: {"method":"xpath","selector":"//input[@name = 'first_name']"}
  (Session info: chrome=91.0.4472.114)
For documentation on this error, please visit: https://www.seleniumhq.org/exceptions/no_such_element.html
Build info: version: '3.141.59', revision: 'e82be7d358', time: '2018-11-14T08:17:03'
System info: host: 'C02DD3ZUMD6M', ip: 'fe80:0:0:0:1c3a:5cfe:7ae4:1677%en0', os.name: 'Mac OS X', os.arch: 'x86_64', os.version: '10.15.7', java.version: '1.8.0_271'
Driver info: org.openqa.selenium.chrome.ChromeDriver
Capabilities {acceptInsecureCerts: false, browserName: chrome, browserVersion: 91.0.4472.114, chrome: {chromedriverVersion: 91.0.4472.101 (af52a90bf870..., userDataDir: /var/folders/3k/k0dqsdvs737...}, goog:chromeOptions: {debuggerAddress: localhost:52037}, javascriptEnabled: true, networkConnectionEnabled: false, pageLoadStrategy: normal, platform: MAC, platformName: MAC, proxy: Proxy(), setWindowRect: true, strictFileInteractability: false, timeouts: {implicit: 0, pageLoad: 300000, script: 30000}, unhandledPromptBehavior: dismiss and notify, webauthn:extension:largeBlob: true, webauthn:virtualAuthenticators: true}
Session ID: 08e20d5d5e453185f7f024ac20fc4e18
*** Element info: {Using=xpath, value=//input[@name = 'first_name']}
I am in onTestFailure method validateCreateNewContact failed
Screenshot captured for test case:validateCreateNewContact
]]></system-out>
    <system-err><![CDATA[Starting ChromeDriver 91.0.4472.101 (af52a90bf87030dd1523486a1cd3ae25c5d76c9b-refs/branch-heads/4472@{#1462}) on port 13750
Only local connections are allowed.
Please see https://chromedriver.chromium.org/security-considerations for suggestions on keeping ChromeDriver safe.
ChromeDriver was started successfully.
Jul 16, 2021 10:50:45 PM org.openqa.selenium.remote.ProtocolHandshake createSession
INFO: Detected dialect: W3C
java.io.FileNotFoundException: /Users/gourisoneja/eclipse-workspace/FreeCRMTest/screenshots/1626456073564.png (No such file or directory)
	at java.io.FileOutputStream.open0(Native Method)
	at java.io.FileOutputStream.open(FileOutputStream.java:270)
	at java.io.FileOutputStream.<init>(FileOutputStream.java:213)
	at java.io.FileOutputStream.<init>(FileOutputStream.java:162)
	at org.openqa.selenium.io.FileHandler.copyFile(FileHandler.java:138)
	at org.openqa.selenium.io.FileHandler.copy(FileHandler.java:117)
	at com.crm.qa.util.TestUtil.takeScreenshotAtEndOfTest(TestUtil.java:67)
	at com.crm.qa.util.WebEventListener.onException(WebEventListener.java:61)
	at sun.reflect.NativeMethodAccessorImpl.invoke0(Native Method)
	at sun.reflect.NativeMethodAccessorImpl.invoke(NativeMethodAccessorImpl.java:62)
	at sun.reflect.DelegatingMethodAccessorImpl.invoke(DelegatingMethodAccessorImpl.java:43)
	at java.lang.reflect.Method.invoke(Method.java:498)
	at org.openqa.selenium.support.events.EventFiringWebDriver.lambda$new$0(EventFiringWebDriver.java:84)
	at com.sun.proxy.$Proxy19.onException(Unknown Source)
	at org.openqa.selenium.support.events.EventFiringWebDriver.lambda$new$1(EventFiringWebDriver.java:107)
	at com.sun.proxy.$Proxy20.findElement(Unknown Source)
	at org.openqa.selenium.support.events.EventFiringWebDriver.findElement(EventFiringWebDriver.java:194)
	at org.openqa.selenium.support.pagefactory.DefaultElementLocator.findElement(DefaultElementLocator.java:69)
	at org.openqa.selenium.support.pagefactory.internal.LocatingElementHandler.invoke(LocatingElementHandler.java:38)
	at com.sun.proxy.$Proxy24.sendKeys(Unknown Source)
	at com.crm.qa.pages.ContactsPage.createContact(ContactsPage.java:54)
	at com.crm.qa.testcases.ContactsPageTest.validateCreateNewContact(ContactsPageTest.java:77)
	at sun.reflect.NativeMethodAccessorImpl.invoke0(Native Method)
	at sun.reflect.NativeMethodAccessorImpl.invoke(NativeMethodAccessorImpl.java:62)
	at sun.reflect.DelegatingMethodAccessorImpl.invoke(DelegatingMethodAccessorImpl.java:43)
	at java.lang.reflect.Method.invoke(Method.java:498)
	at org.testng.internal.MethodInvocationHelper.invokeMethod(MethodInvocationHelper.java:133)
	at org.testng.internal.TestInvoker.invokeMethod(TestInvoker.java:598)
	at org.testng.internal.TestInvoker.invokeTestMethod(TestInvoker.java:173)
	at org.testng.internal.MethodRunner.runInSequence(MethodRunner.java:46)
	at org.testng.internal.TestInvoker$MethodInvocationAgent.invoke(TestInvoker.java:824)
	at org.testng.internal.TestInvoker.invokeTestMethods(TestInvoker.java:146)
	at org.testng.internal.TestMethodWorker.invokeTestMethods(TestMethodWorker.java:146)
	at org.testng.internal.TestMethodWorker.run(TestMethodWorker.java:128)
	at java.util.ArrayList.forEach(ArrayList.java:1259)
	at org.testng.TestRunner.privateRun(TestRunner.java:794)
	at org.testng.TestRunner.run(TestRunner.java:596)
	at org.testng.SuiteRunner.runTest(SuiteRunner.java:377)
	at org.testng.SuiteRunner.runSequentially(SuiteRunner.java:371)
	at org.testng.SuiteRunner.privateRun(SuiteRunner.java:332)
	at org.testng.SuiteRunner.run(SuiteRunner.java:276)
	at org.testng.SuiteRunnerWorker.runSuite(SuiteRunnerWorker.java:53)
	at org.testng.SuiteRunnerWorker.run(SuiteRunnerWorker.java:96)
	at org.testng.TestNG.runSuitesSequentially(TestNG.java:1212)
	at org.testng.TestNG.runSuitesLocally(TestNG.java:1134)
	at org.testng.TestNG.runSuites(TestNG.java:1063)
	at org.testng.TestNG.run(TestNG.java:1031)
	at org.apache.maven.surefire.testng.TestNGExecutor.run(TestNGExecutor.java:283)
	at org.apache.maven.surefire.testng.TestNGXmlTestSuite.execute(TestNGXmlTestSuite.java:75)
	at org.apache.maven.surefire.testng.TestNGProvider.invoke(TestNGProvider.java:120)
	at org.apache.maven.surefire.booter.ForkedBooter.invokeProviderInSameClassLoader(ForkedBooter.java:384)
	at org.apache.maven.surefire.booter.ForkedBooter.runSuitesInProcess(ForkedBooter.java:345)
	at org.apache.maven.surefire.booter.ForkedBooter.execute(ForkedBooter.java:126)
	at org.apache.maven.surefire.booter.ForkedBooter.main(ForkedBooter.java:418)
]]></system-err>
  </testcase>
  <testcase name="validateCreateNewContact" classname="com.crm.qa.testcases.ContactsPageTest" time="7.102"/>
</testsuite>