<?xml version="1.0" encoding="UTF-8"?>
<testng-results ignored="3" total="13" passed="9" failed="1" skipped="0">
  <reporter-output>
  </reporter-output>
  <suite started-at="2021-07-15T15:45:04 IST" name="FREE CRM Application Test Automation Suite" finished-at="2021-07-15T15:48:10 IST" duration-ms="186018">
    <groups>
    </groups>
    <test started-at="2021-07-15T15:45:04 IST" name="FREE CRM Application Test Cases" finished-at="2021-07-15T15:48:10 IST" duration-ms="186018">
      <class name="com.crm.qa.testcases.HomePageTest">
        <test-method is-config="true" signature="setUp()[pri:0, instance:com.crm.qa.testcases.HomePageTest@7a419da4]" started-at="2021-07-15T15:45:04 IST" name="setUp" finished-at="2021-07-15T15:45:12 IST" duration-ms="7451" status="PASS">
          <reporter-output>
          </reporter-output>
        </test-method> <!-- setUp -->
        <test-method signature="homePageTitleTest()[pri:1, instance:com.crm.qa.testcases.HomePageTest@7a419da4]" started-at="2021-07-15T15:45:12 IST" name="homePageTitleTest" finished-at="2021-07-15T15:45:13 IST" duration-ms="1298" status="PASS">
          <reporter-output>
          </reporter-output>
        </test-method> <!-- homePageTitleTest -->
        <test-method is-config="true" signature="tearDown()[pri:0, instance:com.crm.qa.testcases.HomePageTest@7a419da4]" started-at="2021-07-15T15:45:13 IST" name="tearDown" finished-at="2021-07-15T15:45:13 IST" duration-ms="146" status="PASS">
          <reporter-output>
          </reporter-output>
        </test-method> <!-- tearDown -->
        <test-method is-config="true" signature="setUp()[pri:0, instance:com.crm.qa.testcases.HomePageTest@7a419da4]" started-at="2021-07-15T15:45:13 IST" name="setUp" finished-at="2021-07-15T15:45:18 IST" duration-ms="5270" status="PASS">
          <reporter-output>
          </reporter-output>
        </test-method> <!-- setUp -->
        <test-method signature="crmLogoImageTest()[pri:2, instance:com.crm.qa.testcases.HomePageTest@7a419da4]" started-at="2021-07-15T15:45:18 IST" name="crmLogoImageTest" finished-at="2021-07-15T15:45:20 IST" duration-ms="1257" status="PASS">
          <reporter-output>
          </reporter-output>
        </test-method> <!-- crmLogoImageTest -->
        <test-method is-config="true" signature="tearDown()[pri:0, instance:com.crm.qa.testcases.HomePageTest@7a419da4]" started-at="2021-07-15T15:45:20 IST" name="tearDown" finished-at="2021-07-15T15:45:20 IST" duration-ms="91" status="PASS">
          <reporter-output>
          </reporter-output>
        </test-method> <!-- tearDown -->
        <test-method is-config="true" signature="setUp()[pri:0, instance:com.crm.qa.testcases.HomePageTest@7a419da4]" started-at="2021-07-15T15:45:20 IST" name="setUp" finished-at="2021-07-15T15:45:26 IST" duration-ms="5929" status="PASS">
          <reporter-output>
          </reporter-output>
        </test-method> <!-- setUp -->
        <test-method signature="homeTest()[pri:3, instance:com.crm.qa.testcases.HomePageTest@7a419da4]" started-at="2021-07-15T15:45:26 IST" name="homeTest" finished-at="2021-07-15T15:45:29 IST" duration-ms="3080" status="PASS">
          <reporter-output>
          </reporter-output>
        </test-method> <!-- homeTest -->
        <test-method is-config="true" signature="tearDown()[pri:0, instance:com.crm.qa.testcases.HomePageTest@7a419da4]" started-at="2021-07-15T15:45:29 IST" name="tearDown" finished-at="2021-07-15T15:45:29 IST" duration-ms="95" status="PASS">
          <reporter-output>
          </reporter-output>
        </test-method> <!-- tearDown -->
      </class> <!-- com.crm.qa.testcases.HomePageTest -->
      <class name="com.crm.qa.testcases.ContactsPageTest">
        <test-method is-config="true" signature="setUp()[pri:0, instance:com.crm.qa.testcases.ContactsPageTest@1e04fa0a]" started-at="2021-07-15T15:46:23 IST" name="setUp" finished-at="2021-07-15T15:46:37 IST" duration-ms="14639" status="PASS">
          <reporter-output>
          </reporter-output>
        </test-method> <!-- setUp -->
        <test-method signature="validateCreateNewContact(java.lang.String,java.lang.String)[pri:0, instance:com.crm.qa.testcases.ContactsPageTest@1e04fa0a]" started-at="2021-07-15T15:46:37 IST" name="validateCreateNewContact" data-provider="getCRMTestData" finished-at="2021-07-15T15:46:43 IST" duration-ms="6036" status="PASS">
          <params>
            <param index="0">
              <value>
                <![CDATA[Ben]]>
              </value>
            </param>
            <param index="1">
              <value>
                <![CDATA[Afflek]]>
              </value>
            </param>
          </params>
          <reporter-output>
          </reporter-output>
        </test-method> <!-- validateCreateNewContact -->
        <test-method is-config="true" signature="tearDown()[pri:0, instance:com.crm.qa.testcases.ContactsPageTest@1e04fa0a]" started-at="2021-07-15T15:46:43 IST" name="tearDown" finished-at="2021-07-15T15:46:43 IST" duration-ms="104" status="PASS">
          <reporter-output>
          </reporter-output>
        </test-method> <!-- tearDown -->
        <test-method is-config="true" signature="setUp()[pri:0, instance:com.crm.qa.testcases.ContactsPageTest@1e04fa0a]" started-at="2021-07-15T15:46:43 IST" name="setUp" finished-at="2021-07-15T15:47:05 IST" duration-ms="22020" status="PASS">
          <reporter-output>
          </reporter-output>
        </test-method> <!-- setUp -->
        <test-method signature="validateCreateNewContact(java.lang.String,java.lang.String)[pri:0, instance:com.crm.qa.testcases.ContactsPageTest@1e04fa0a]" started-at="2021-07-15T15:47:05 IST" name="validateCreateNewContact" data-provider="getCRMTestData" finished-at="2021-07-15T15:47:19 IST" duration-ms="13518" status="FAIL">
          <params>
            <param index="0">
              <value>
                <![CDATA[Carl]]>
              </value>
            </param>
            <param index="1">
              <value>
                <![CDATA[Jung]]>
              </value>
            </param>
          </params>
          <exception class="org.openqa.selenium.NoSuchElementException">
            <message>
              <![CDATA[no such element: Unable to locate element: {"method":"xpath","selector":"//input[@name = 'first_name']"}
  (Session info: chrome=91.0.4472.114)
For documentation on this error, please visit: https://www.seleniumhq.org/exceptions/no_such_element.html
Build info: version: '3.141.59', revision: 'e82be7d358', time: '2018-11-14T08:17:03'
System info: host: 'C02DD3ZUMD6M', ip: 'fe80:0:0:0:6c:8847:d6ea:49a8%en0', os.name: 'Mac OS X', os.arch: 'x86_64', os.version: '10.15.7', java.version: '16.0.1'
Driver info: org.openqa.selenium.chrome.ChromeDriver
Capabilities {acceptInsecureCerts: false, browserName: chrome, browserVersion: 91.0.4472.114, chrome: {chromedriverVersion: 91.0.4472.101 (af52a90bf870..., userDataDir: /var/folders/3k/k0dqsdvs737...}, goog:chromeOptions: {debuggerAddress: localhost:56864}, javascriptEnabled: true, networkConnectionEnabled: false, pageLoadStrategy: normal, platform: MAC, platformName: MAC, proxy: Proxy(), setWindowRect: true, strictFileInteractability: false, timeouts: {implicit: 0, pageLoad: 300000, script: 30000}, unhandledPromptBehavior: dismiss and notify, webauthn:extension:largeBlob: true, webauthn:virtualAuthenticators: true}
Session ID: 53045f6e7d5845f29f7b99ec6b662858
*** Element info: {Using=xpath, value=//input[@name = 'first_name']}]]>
            </message>
            <full-stacktrace>
              <![CDATA[org.openqa.selenium.NoSuchElementException: no such element: Unable to locate element: {"method":"xpath","selector":"//input[@name = 'first_name']"}
  (Session info: chrome=91.0.4472.114)
For documentation on this error, please visit: https://www.seleniumhq.org/exceptions/no_such_element.html
Build info: version: '3.141.59', revision: 'e82be7d358', time: '2018-11-14T08:17:03'
System info: host: 'C02DD3ZUMD6M', ip: 'fe80:0:0:0:6c:8847:d6ea:49a8%en0', os.name: 'Mac OS X', os.arch: 'x86_64', os.version: '10.15.7', java.version: '16.0.1'
Driver info: org.openqa.selenium.chrome.ChromeDriver
Capabilities {acceptInsecureCerts: false, browserName: chrome, browserVersion: 91.0.4472.114, chrome: {chromedriverVersion: 91.0.4472.101 (af52a90bf870..., userDataDir: /var/folders/3k/k0dqsdvs737...}, goog:chromeOptions: {debuggerAddress: localhost:56864}, javascriptEnabled: true, networkConnectionEnabled: false, pageLoadStrategy: normal, platform: MAC, platformName: MAC, proxy: Proxy(), setWindowRect: true, strictFileInteractability: false, timeouts: {implicit: 0, pageLoad: 300000, script: 30000}, unhandledPromptBehavior: dismiss and notify, webauthn:extension:largeBlob: true, webauthn:virtualAuthenticators: true}
Session ID: 53045f6e7d5845f29f7b99ec6b662858
*** Element info: {Using=xpath, value=//input[@name = 'first_name']}
at java.base/jdk.internal.reflect.NativeConstructorAccessorImpl.newInstance0(Native Method)
at java.base/jdk.internal.reflect.NativeConstructorAccessorImpl.newInstance(NativeConstructorAccessorImpl.java:78)
at java.base/jdk.internal.reflect.DelegatingConstructorAccessorImpl.newInstance(DelegatingConstructorAccessorImpl.java:45)
at java.base/java.lang.reflect.Constructor.newInstanceWithCaller(Constructor.java:499)
at java.base/java.lang.reflect.Constructor.newInstance(Constructor.java:480)
at org.openqa.selenium.remote.http.W3CHttpResponseCodec.createException(W3CHttpResponseCodec.java:187)
at org.openqa.selenium.remote.http.W3CHttpResponseCodec.decode(W3CHttpResponseCodec.java:122)
at org.openqa.selenium.remote.http.W3CHttpResponseCodec.decode(W3CHttpResponseCodec.java:49)
at org.openqa.selenium.remote.HttpCommandExecutor.execute(HttpCommandExecutor.java:158)
at org.openqa.selenium.remote.service.DriverCommandExecutor.execute(DriverCommandExecutor.java:83)
at org.openqa.selenium.remote.RemoteWebDriver.execute(RemoteWebDriver.java:552)
at org.openqa.selenium.remote.RemoteWebDriver.findElement(RemoteWebDriver.java:323)
at org.openqa.selenium.remote.RemoteWebDriver.findElementByXPath(RemoteWebDriver.java:428)
at org.openqa.selenium.By$ByXPath.findElement(By.java:353)
at org.openqa.selenium.remote.RemoteWebDriver.findElement(RemoteWebDriver.java:315)
at jdk.internal.reflect.GeneratedMethodAccessor3.invoke(Unknown Source)
at java.base/jdk.internal.reflect.DelegatingMethodAccessorImpl.invoke(DelegatingMethodAccessorImpl.java:43)
at java.base/java.lang.reflect.Method.invoke(Method.java:567)
at org.openqa.selenium.support.events.EventFiringWebDriver.lambda$new$1(EventFiringWebDriver.java:105)
at jdk.proxy2/jdk.proxy2.$Proxy11.findElement(Unknown Source)
at org.openqa.selenium.support.events.EventFiringWebDriver.findElement(EventFiringWebDriver.java:194)
at org.openqa.selenium.support.pagefactory.DefaultElementLocator.findElement(DefaultElementLocator.java:69)
at org.openqa.selenium.support.pagefactory.internal.LocatingElementHandler.invoke(LocatingElementHandler.java:38)
at jdk.proxy2/jdk.proxy2.$Proxy16.sendKeys(Unknown Source)
at com.crm.qa.pages.ContactsPage.createContact(ContactsPage.java:54)
at com.crm.qa.testcases.ContactsPageTest.validateCreateNewContact(ContactsPageTest.java:74)
at java.base/jdk.internal.reflect.NativeMethodAccessorImpl.invoke0(Native Method)
at java.base/jdk.internal.reflect.NativeMethodAccessorImpl.invoke(NativeMethodAccessorImpl.java:78)
at java.base/jdk.internal.reflect.DelegatingMethodAccessorImpl.invoke(DelegatingMethodAccessorImpl.java:43)
at java.base/java.lang.reflect.Method.invoke(Method.java:567)
at org.testng.internal.MethodInvocationHelper.invokeMethod(MethodInvocationHelper.java:133)
at org.testng.internal.TestInvoker.invokeMethod(TestInvoker.java:598)
at org.testng.internal.TestInvoker.invokeTestMethod(TestInvoker.java:173)
at org.testng.internal.MethodRunner.runInSequence(MethodRunner.java:46)
at org.testng.internal.TestInvoker$MethodInvocationAgent.invoke(TestInvoker.java:824)
at org.testng.internal.TestInvoker.invokeTestMethods(TestInvoker.java:146)
at org.testng.internal.TestMethodWorker.invokeTestMethods(TestMethodWorker.java:146)
at org.testng.internal.TestMethodWorker.run(TestMethodWorker.java:128)
at java.base/java.util.ArrayList.forEach(ArrayList.java:1511)
at org.testng.TestRunner.privateRun(TestRunner.java:794)
at org.testng.TestRunner.run(TestRunner.java:596)
at org.testng.SuiteRunner.runTest(SuiteRunner.java:377)
at org.testng.SuiteRunner.runSequentially(SuiteRunner.java:371)
at org.testng.SuiteRunner.privateRun(SuiteRunner.java:332)
at org.testng.SuiteRunner.run(SuiteRunner.java:276)
at org.testng.SuiteRunnerWorker.runSuite(SuiteRunnerWorker.java:53)
at org.testng.SuiteRunnerWorker.run(SuiteRunnerWorker.java:96)
at org.testng.TestNG.runSuitesSequentially(TestNG.java:1212)
at org.testng.TestNG.runSuitesLocally(TestNG.java:1134)
at org.testng.TestNG.runSuites(TestNG.java:1063)
at org.testng.TestNG.run(TestNG.java:1031)
at org.testng.remote.AbstractRemoteTestNG.run(AbstractRemoteTestNG.java:115)
at org.testng.remote.RemoteTestNG.initAndRun(RemoteTestNG.java:251)
at org.testng.remote.RemoteTestNG.main(RemoteTestNG.java:77)
]]>
            </full-stacktrace>
          </exception> <!-- org.openqa.selenium.NoSuchElementException -->
          <reporter-output>
          </reporter-output>
        </test-method> <!-- validateCreateNewContact -->
        <test-method is-config="true" signature="tearDown()[pri:0, instance:com.crm.qa.testcases.ContactsPageTest@1e04fa0a]" started-at="2021-07-15T15:47:19 IST" name="tearDown" finished-at="2021-07-15T15:47:19 IST" duration-ms="109" status="PASS">
          <reporter-output>
          </reporter-output>
        </test-method> <!-- tearDown -->
        <test-method is-config="true" signature="setUp()[pri:0, instance:com.crm.qa.testcases.ContactsPageTest@1e04fa0a]" started-at="2021-07-15T15:47:19 IST" name="setUp" finished-at="2021-07-15T15:47:39 IST" duration-ms="19809" status="PASS">
          <reporter-output>
          </reporter-output>
        </test-method> <!-- setUp -->
        <test-method signature="validateCreateNewContact(java.lang.String,java.lang.String)[pri:0, instance:com.crm.qa.testcases.ContactsPageTest@1e04fa0a]" started-at="2021-07-15T15:47:39 IST" name="validateCreateNewContact" data-provider="getCRMTestData" finished-at="2021-07-15T15:47:46 IST" duration-ms="6870" status="PASS">
          <params>
            <param index="0">
              <value>
                <![CDATA[Scarlet]]>
              </value>
            </param>
            <param index="1">
              <value>
                <![CDATA[Johansson]]>
              </value>
            </param>
          </params>
          <reporter-output>
          </reporter-output>
        </test-method> <!-- validateCreateNewContact -->
        <test-method is-config="true" signature="tearDown()[pri:0, instance:com.crm.qa.testcases.ContactsPageTest@1e04fa0a]" started-at="2021-07-15T15:47:46 IST" name="tearDown" finished-at="2021-07-15T15:47:46 IST" duration-ms="109" status="PASS">
          <reporter-output>
          </reporter-output>
        </test-method> <!-- tearDown -->
        <test-method is-config="true" signature="setUp()[pri:0, instance:com.crm.qa.testcases.ContactsPageTest@1e04fa0a]" started-at="2021-07-15T15:47:46 IST" name="setUp" finished-at="2021-07-15T15:48:02 IST" duration-ms="16025" status="PASS">
          <reporter-output>
          </reporter-output>
        </test-method> <!-- setUp -->
        <test-method signature="validateCreateNewContact(java.lang.String,java.lang.String)[pri:0, instance:com.crm.qa.testcases.ContactsPageTest@1e04fa0a]" started-at="2021-07-15T15:48:02 IST" name="validateCreateNewContact" data-provider="getCRMTestData" finished-at="2021-07-15T15:48:10 IST" duration-ms="8138" status="PASS">
          <params>
            <param index="0">
              <value>
                <![CDATA[Brie]]>
              </value>
            </param>
            <param index="1">
              <value>
                <![CDATA[Larsson]]>
              </value>
            </param>
          </params>
          <reporter-output>
          </reporter-output>
        </test-method> <!-- validateCreateNewContact -->
        <test-method is-config="true" signature="tearDown()[pri:0, instance:com.crm.qa.testcases.ContactsPageTest@1e04fa0a]" started-at="2021-07-15T15:48:10 IST" name="tearDown" finished-at="2021-07-15T15:48:10 IST" duration-ms="107" status="PASS">
          <reporter-output>
          </reporter-output>
        </test-method> <!-- tearDown -->
      </class> <!-- com.crm.qa.testcases.ContactsPageTest -->
      <class name="com.crm.qa.testcases.LoginPageTest">
        <test-method is-config="true" signature="setUp()[pri:0, instance:com.crm.qa.testcases.LoginPageTest@6cd28fa7]" started-at="2021-07-15T15:45:29 IST" name="setUp" finished-at="2021-07-15T15:45:38 IST" duration-ms="9731" status="PASS">
          <reporter-output>
          </reporter-output>
        </test-method> <!-- setUp -->
        <test-method signature="loginTest()[pri:0, instance:com.crm.qa.testcases.LoginPageTest@6cd28fa7]" started-at="2021-07-15T15:45:38 IST" name="loginTest" finished-at="2021-07-15T15:45:42 IST" duration-ms="3251" status="PASS">
          <reporter-output>
          </reporter-output>
        </test-method> <!-- loginTest -->
        <test-method is-config="true" signature="tearDown()[pri:0, instance:com.crm.qa.testcases.LoginPageTest@6cd28fa7]" started-at="2021-07-15T15:45:42 IST" name="tearDown" finished-at="2021-07-15T15:45:42 IST" duration-ms="105" status="PASS">
          <reporter-output>
          </reporter-output>
        </test-method> <!-- tearDown -->
      </class> <!-- com.crm.qa.testcases.LoginPageTest -->
      <class name="com.crm.qa.testcases.CogmentoHomePageTest">
        <test-method is-config="true" signature="setUp()[pri:0, instance:com.crm.qa.testcases.CogmentoHomePageTest@614ca7df]" started-at="2021-07-15T15:45:42 IST" name="setUp" finished-at="2021-07-15T15:45:58 IST" duration-ms="15766" status="PASS">
          <reporter-output>
          </reporter-output>
        </test-method> <!-- setUp -->
        <test-method signature="contacts()[pri:0, instance:com.crm.qa.testcases.CogmentoHomePageTest@614ca7df]" started-at="2021-07-15T15:45:58 IST" name="contacts" finished-at="2021-07-15T15:46:06 IST" duration-ms="8456" status="PASS">
          <reporter-output>
          </reporter-output>
        </test-method> <!-- contacts -->
        <test-method is-config="true" signature="tearDown()[pri:0, instance:com.crm.qa.testcases.CogmentoHomePageTest@614ca7df]" started-at="2021-07-15T15:46:06 IST" name="tearDown" finished-at="2021-07-15T15:46:06 IST" duration-ms="104" status="PASS">
          <reporter-output>
          </reporter-output>
        </test-method> <!-- tearDown -->
        <test-method is-config="true" signature="setUp()[pri:0, instance:com.crm.qa.testcases.CogmentoHomePageTest@614ca7df]" started-at="2021-07-15T15:46:06 IST" name="setUp" finished-at="2021-07-15T15:46:20 IST" duration-ms="13381" status="PASS">
          <reporter-output>
          </reporter-output>
        </test-method> <!-- setUp -->
        <test-method signature="nameLabel()[pri:0, instance:com.crm.qa.testcases.CogmentoHomePageTest@614ca7df]" started-at="2021-07-15T15:46:20 IST" name="nameLabel" finished-at="2021-07-15T15:46:22 IST" duration-ms="2572" status="PASS">
          <reporter-output>
          </reporter-output>
        </test-method> <!-- nameLabel -->
        <test-method is-config="true" signature="tearDown()[pri:0, instance:com.crm.qa.testcases.CogmentoHomePageTest@614ca7df]" started-at="2021-07-15T15:46:22 IST" name="tearDown" finished-at="2021-07-15T15:46:22 IST" duration-ms="97" status="PASS">
          <reporter-output>
          </reporter-output>
        </test-method> <!-- tearDown -->
      </class> <!-- com.crm.qa.testcases.CogmentoHomePageTest -->
    </test> <!-- FREE CRM Application Test Cases -->
  </suite> <!-- FREE CRM Application Test Automation Suite -->
</testng-results>
